DEBUG:paramiko.transport:starting thread (client mode): 0x41859670
DEBUG:paramiko.transport:Local version/idstring: SSH-2.0-paramiko_2.11.0
DEBUG:paramiko.transport:Remote version/idstring: SSH-1.99-Cisco-1.25
INFO:paramiko.transport:Connected (version 1.99, client Cisco-1.25)
DEBUG:paramiko.transport:=== Key exchange possibilities ===
DEBUG:paramiko.transport:kex algos: diffie-hellman-group-exchange-sha1, diffie-hellman-group14-sha1, diffie-hellman-group1-sha1
DEBUG:paramiko.transport:server key: ssh-rsa
DEBUG:paramiko.transport:client encrypt: aes128-ctr, aes192-ctr, aes256-ctr, aes128-cbc, 3des-cbc, aes192-cbc, aes256-cbc
DEBUG:paramiko.transport:server encrypt: aes128-ctr, aes192-ctr, aes256-ctr, aes128-cbc, 3des-cbc, aes192-cbc, aes256-cbc
DEBUG:paramiko.transport:client mac: hmac-sha1, hmac-sha1-96
DEBUG:paramiko.transport:server mac: hmac-sha1, hmac-sha1-96
DEBUG:paramiko.transport:client compress: none
DEBUG:paramiko.transport:server compress: none
DEBUG:paramiko.transport:client lang: <none>
DEBUG:paramiko.transport:server lang: <none>
DEBUG:paramiko.transport:kex follows: False
DEBUG:paramiko.transport:=== Key exchange agreements ===
DEBUG:paramiko.transport:Kex: diffie-hellman-group-exchange-sha1
DEBUG:paramiko.transport:HostKey: ssh-rsa
DEBUG:paramiko.transport:Cipher: aes128-ctr
DEBUG:paramiko.transport:MAC: hmac-sha1
DEBUG:paramiko.transport:Compression: none
DEBUG:paramiko.transport:=== End of kex handshake ===
DEBUG:paramiko.transport:Got server p (2048 bits)
DEBUG:paramiko.transport:kex engine KexGex specified hash_algo <built-in function openssl_sha1>
DEBUG:paramiko.transport:Switch to new keys ...
DEBUG:paramiko.transport:Adding ssh-rsa host key for 172.16.27.40: b'20377e1398e54a48df55960b3290fb90'
DEBUG:paramiko.transport:userauth is OK
INFO:paramiko.transport:Auth banner: b"\r\n**************************************************************************\r\n* IOSv is strictly limited to use for evaluation, demonstration and IOS  *\r\n* education. IOSv is provided as-is and is not supported by Cisco's      *\r\n* Technical Advisory Center. Any use or disclosure, in whole or in part, *\r\n* of the IOSv Software or Documentation to any third party for any       *\r\n* purposes is expressly prohibited except as otherwise authorized by     *\r\n* Cisco in writing.                                                      *\r\n**************************************************************************"
INFO:paramiko.transport:Authentication (password) successful!
DEBUG:paramiko.transport:[chan 0] Max packet in: 32768 bytes
DEBUG:paramiko.transport:[chan 0] Max packet out: 4096 bytes
DEBUG:paramiko.transport:Secsh channel 0 opened.
DEBUG:paramiko.transport:[chan 0] Sesch channel 0 request ok
DEBUG:paramiko.transport:[chan 0] Sesch channel 0 request ok
DEBUG:paramiko.transport:EOF in transport thread
DEBUG:paramiko.transport:starting thread (client mode): 0x312aa6a0
DEBUG:paramiko.transport:Local version/idstring: SSH-2.0-paramiko_2.11.0
DEBUG:paramiko.transport:Remote version/idstring: SSH-1.99-Cisco-1.25
INFO:paramiko.transport:Connected (version 1.99, client Cisco-1.25)
DEBUG:paramiko.transport:=== Key exchange possibilities ===
DEBUG:paramiko.transport:kex algos: diffie-hellman-group-exchange-sha1, diffie-hellman-group14-sha1, diffie-hellman-group1-sha1
DEBUG:paramiko.transport:server key: ssh-rsa
DEBUG:paramiko.transport:client encrypt: aes128-ctr, aes192-ctr, aes256-ctr, aes128-cbc, 3des-cbc, aes192-cbc, aes256-cbc
DEBUG:paramiko.transport:server encrypt: aes128-ctr, aes192-ctr, aes256-ctr, aes128-cbc, 3des-cbc, aes192-cbc, aes256-cbc
DEBUG:paramiko.transport:client mac: hmac-sha1, hmac-sha1-96
DEBUG:paramiko.transport:server mac: hmac-sha1, hmac-sha1-96
DEBUG:paramiko.transport:client compress: none
DEBUG:paramiko.transport:server compress: none
DEBUG:paramiko.transport:client lang: <none>
DEBUG:paramiko.transport:server lang: <none>
DEBUG:paramiko.transport:kex follows: False
DEBUG:paramiko.transport:=== Key exchange agreements ===
DEBUG:paramiko.transport:Kex: diffie-hellman-group-exchange-sha1
DEBUG:paramiko.transport:HostKey: ssh-rsa
DEBUG:paramiko.transport:Cipher: aes128-ctr
DEBUG:paramiko.transport:MAC: hmac-sha1
DEBUG:paramiko.transport:Compression: none
DEBUG:paramiko.transport:=== End of kex handshake ===
DEBUG:paramiko.transport:Got server p (2048 bits)
DEBUG:paramiko.transport:kex engine KexGex specified hash_algo <built-in function openssl_sha1>
DEBUG:paramiko.transport:Switch to new keys ...
DEBUG:paramiko.transport:Adding ssh-rsa host key for 172.16.27.40: b'20377e1398e54a48df55960b3290fb90'
DEBUG:paramiko.transport:userauth is OK
INFO:paramiko.transport:Auth banner: b"\r\n**************************************************************************\r\n* IOSv is strictly limited to use for evaluation, demonstration and IOS  *\r\n* education. IOSv is provided as-is and is not supported by Cisco's      *\r\n* Technical Advisory Center. Any use or disclosure, in whole or in part, *\r\n* of the IOSv Software or Documentation to any third party for any       *\r\n* purposes is expressly prohibited except as otherwise authorized by     *\r\n* Cisco in writing.                                                      *\r\n**************************************************************************"
INFO:paramiko.transport:Authentication (password) successful!
DEBUG:paramiko.transport:[chan 0] Max packet in: 32768 bytes
DEBUG:paramiko.transport:[chan 0] Max packet out: 4096 bytes
DEBUG:paramiko.transport:Secsh channel 0 opened.
DEBUG:paramiko.transport:[chan 0] Sesch channel 0 request ok
DEBUG:paramiko.transport:[chan 0] Sesch channel 0 request ok
DEBUG:paramiko.transport:EOF in transport thread
DEBUG:paramiko.transport:starting thread (client mode): 0x48c09700
DEBUG:paramiko.transport:Local version/idstring: SSH-2.0-paramiko_2.11.0
DEBUG:paramiko.transport:Remote version/idstring: SSH-1.99-Cisco-1.25
INFO:paramiko.transport:Connected (version 1.99, client Cisco-1.25)
DEBUG:paramiko.transport:=== Key exchange possibilities ===
DEBUG:paramiko.transport:kex algos: diffie-hellman-group-exchange-sha1, diffie-hellman-group14-sha1, diffie-hellman-group1-sha1
DEBUG:paramiko.transport:server key: ssh-rsa
DEBUG:paramiko.transport:client encrypt: aes128-ctr, aes192-ctr, aes256-ctr, aes128-cbc, 3des-cbc, aes192-cbc, aes256-cbc
DEBUG:paramiko.transport:server encrypt: aes128-ctr, aes192-ctr, aes256-ctr, aes128-cbc, 3des-cbc, aes192-cbc, aes256-cbc
DEBUG:paramiko.transport:client mac: hmac-sha1, hmac-sha1-96
DEBUG:paramiko.transport:server mac: hmac-sha1, hmac-sha1-96
DEBUG:paramiko.transport:client compress: none
DEBUG:paramiko.transport:server compress: none
DEBUG:paramiko.transport:client lang: <none>
DEBUG:paramiko.transport:server lang: <none>
DEBUG:paramiko.transport:kex follows: False
DEBUG:paramiko.transport:=== Key exchange agreements ===
DEBUG:paramiko.transport:Kex: diffie-hellman-group-exchange-sha1
DEBUG:paramiko.transport:HostKey: ssh-rsa
DEBUG:paramiko.transport:Cipher: aes128-ctr
DEBUG:paramiko.transport:MAC: hmac-sha1
DEBUG:paramiko.transport:Compression: none
DEBUG:paramiko.transport:=== End of kex handshake ===
DEBUG:paramiko.transport:Got server p (2048 bits)
DEBUG:paramiko.transport:kex engine KexGex specified hash_algo <built-in function openssl_sha1>
DEBUG:paramiko.transport:Switch to new keys ...
DEBUG:paramiko.transport:Adding ssh-rsa host key for 172.16.27.40: b'20377e1398e54a48df55960b3290fb90'
DEBUG:paramiko.transport:userauth is OK
INFO:paramiko.transport:Auth banner: b"\r\n**************************************************************************\r\n* IOSv is strictly limited to use for evaluation, demonstration and IOS  *\r\n* education. IOSv is provided as-is and is not supported by Cisco's      *\r\n* Technical Advisory Center. Any use or disclosure, in whole or in part, *\r\n* of the IOSv Software or Documentation to any third party for any       *\r\n* purposes is expressly prohibited except as otherwise authorized by     *\r\n* Cisco in writing.                                                      *\r\n**************************************************************************"
INFO:paramiko.transport:Authentication (password) successful!
DEBUG:paramiko.transport:[chan 0] Max packet in: 32768 bytes
DEBUG:paramiko.transport:[chan 0] Max packet out: 4096 bytes
DEBUG:paramiko.transport:Secsh channel 0 opened.
DEBUG:paramiko.transport:[chan 0] Sesch channel 0 request ok
DEBUG:paramiko.transport:[chan 0] Sesch channel 0 request ok
DEBUG:paramiko.transport:EOF in transport thread
DEBUG:paramiko.transport:starting thread (client mode): 0xd2f59880
DEBUG:paramiko.transport:Local version/idstring: SSH-2.0-paramiko_2.11.0
DEBUG:paramiko.transport:Remote version/idstring: SSH-1.99-Cisco-1.25
INFO:paramiko.transport:Connected (version 1.99, client Cisco-1.25)
DEBUG:paramiko.transport:=== Key exchange possibilities ===
DEBUG:paramiko.transport:kex algos: diffie-hellman-group-exchange-sha1, diffie-hellman-group14-sha1, diffie-hellman-group1-sha1
DEBUG:paramiko.transport:server key: ssh-rsa
DEBUG:paramiko.transport:client encrypt: aes128-ctr, aes192-ctr, aes256-ctr, aes128-cbc, 3des-cbc, aes192-cbc, aes256-cbc
DEBUG:paramiko.transport:server encrypt: aes128-ctr, aes192-ctr, aes256-ctr, aes128-cbc, 3des-cbc, aes192-cbc, aes256-cbc
DEBUG:paramiko.transport:client mac: hmac-sha1, hmac-sha1-96
DEBUG:paramiko.transport:server mac: hmac-sha1, hmac-sha1-96
DEBUG:paramiko.transport:client compress: none
DEBUG:paramiko.transport:server compress: none
DEBUG:paramiko.transport:client lang: <none>
DEBUG:paramiko.transport:server lang: <none>
DEBUG:paramiko.transport:kex follows: False
DEBUG:paramiko.transport:=== Key exchange agreements ===
DEBUG:paramiko.transport:Kex: diffie-hellman-group-exchange-sha1
DEBUG:paramiko.transport:HostKey: ssh-rsa
DEBUG:paramiko.transport:Cipher: aes128-ctr
DEBUG:paramiko.transport:MAC: hmac-sha1
DEBUG:paramiko.transport:Compression: none
DEBUG:paramiko.transport:=== End of kex handshake ===
DEBUG:paramiko.transport:Got server p (2048 bits)
DEBUG:paramiko.transport:kex engine KexGex specified hash_algo <built-in function openssl_sha1>
DEBUG:paramiko.transport:Switch to new keys ...
DEBUG:paramiko.transport:Adding ssh-rsa host key for 172.16.27.40: b'20377e1398e54a48df55960b3290fb90'
DEBUG:paramiko.transport:userauth is OK
INFO:paramiko.transport:Auth banner: b"\r\n**************************************************************************\r\n* IOSv is strictly limited to use for evaluation, demonstration and IOS  *\r\n* education. IOSv is provided as-is and is not supported by Cisco's      *\r\n* Technical Advisory Center. Any use or disclosure, in whole or in part, *\r\n* of the IOSv Software or Documentation to any third party for any       *\r\n* purposes is expressly prohibited except as otherwise authorized by     *\r\n* Cisco in writing.                                                      *\r\n**************************************************************************"
INFO:paramiko.transport:Authentication (password) successful!
DEBUG:paramiko.transport:[chan 0] Max packet in: 32768 bytes
DEBUG:paramiko.transport:[chan 0] Max packet out: 4096 bytes
DEBUG:paramiko.transport:Secsh channel 0 opened.
DEBUG:paramiko.transport:[chan 0] Sesch channel 0 request ok
DEBUG:paramiko.transport:[chan 0] Sesch channel 0 request ok
DEBUG:paramiko.transport:EOF in transport thread
DEBUG:paramiko.transport:starting thread (client mode): 0x2ddb98b0
DEBUG:paramiko.transport:Local version/idstring: SSH-2.0-paramiko_2.11.0
DEBUG:paramiko.transport:Remote version/idstring: SSH-1.99-Cisco-1.25
INFO:paramiko.transport:Connected (version 1.99, client Cisco-1.25)
DEBUG:paramiko.transport:=== Key exchange possibilities ===
DEBUG:paramiko.transport:kex algos: diffie-hellman-group-exchange-sha1, diffie-hellman-group14-sha1, diffie-hellman-group1-sha1
DEBUG:paramiko.transport:server key: ssh-rsa
DEBUG:paramiko.transport:client encrypt: aes128-ctr, aes192-ctr, aes256-ctr, aes128-cbc, 3des-cbc, aes192-cbc, aes256-cbc
DEBUG:paramiko.transport:server encrypt: aes128-ctr, aes192-ctr, aes256-ctr, aes128-cbc, 3des-cbc, aes192-cbc, aes256-cbc
DEBUG:paramiko.transport:client mac: hmac-sha1, hmac-sha1-96
DEBUG:paramiko.transport:server mac: hmac-sha1, hmac-sha1-96
DEBUG:paramiko.transport:client compress: none
DEBUG:paramiko.transport:server compress: none
DEBUG:paramiko.transport:client lang: <none>
DEBUG:paramiko.transport:server lang: <none>
DEBUG:paramiko.transport:kex follows: False
DEBUG:paramiko.transport:=== Key exchange agreements ===
DEBUG:paramiko.transport:Kex: diffie-hellman-group-exchange-sha1
DEBUG:paramiko.transport:HostKey: ssh-rsa
DEBUG:paramiko.transport:Cipher: aes128-ctr
DEBUG:paramiko.transport:MAC: hmac-sha1
DEBUG:paramiko.transport:Compression: none
DEBUG:paramiko.transport:=== End of kex handshake ===
DEBUG:paramiko.transport:Got server p (2048 bits)
DEBUG:paramiko.transport:kex engine KexGex specified hash_algo <built-in function openssl_sha1>
DEBUG:paramiko.transport:Switch to new keys ...
DEBUG:paramiko.transport:Adding ssh-rsa host key for 172.16.27.40: b'20377e1398e54a48df55960b3290fb90'
DEBUG:paramiko.transport:userauth is OK
INFO:paramiko.transport:Auth banner: b"\r\n**************************************************************************\r\n* IOSv is strictly limited to use for evaluation, demonstration and IOS  *\r\n* education. IOSv is provided as-is and is not supported by Cisco's      *\r\n* Technical Advisory Center. Any use or disclosure, in whole or in part, *\r\n* of the IOSv Software or Documentation to any third party for any       *\r\n* purposes is expressly prohibited except as otherwise authorized by     *\r\n* Cisco in writing.                                                      *\r\n**************************************************************************"
INFO:paramiko.transport:Authentication (password) successful!
DEBUG:paramiko.transport:[chan 0] Max packet in: 32768 bytes
DEBUG:paramiko.transport:[chan 0] Max packet out: 4096 bytes
DEBUG:paramiko.transport:Secsh channel 0 opened.
DEBUG:paramiko.transport:[chan 0] Sesch channel 0 request ok
DEBUG:paramiko.transport:[chan 0] Sesch channel 0 request ok
DEBUG:paramiko.transport:EOF in transport thread
DEBUG:paramiko.transport:starting thread (client mode): 0x15d398b0
DEBUG:paramiko.transport:Local version/idstring: SSH-2.0-paramiko_2.11.0
DEBUG:paramiko.transport:Remote version/idstring: SSH-1.99-Cisco-1.25
INFO:paramiko.transport:Connected (version 1.99, client Cisco-1.25)
DEBUG:paramiko.transport:=== Key exchange possibilities ===
DEBUG:paramiko.transport:kex algos: diffie-hellman-group-exchange-sha1, diffie-hellman-group14-sha1, diffie-hellman-group1-sha1
DEBUG:paramiko.transport:server key: ssh-rsa
DEBUG:paramiko.transport:client encrypt: aes128-ctr, aes192-ctr, aes256-ctr, aes128-cbc, 3des-cbc, aes192-cbc, aes256-cbc
DEBUG:paramiko.transport:server encrypt: aes128-ctr, aes192-ctr, aes256-ctr, aes128-cbc, 3des-cbc, aes192-cbc, aes256-cbc
DEBUG:paramiko.transport:client mac: hmac-sha1, hmac-sha1-96
DEBUG:paramiko.transport:server mac: hmac-sha1, hmac-sha1-96
DEBUG:paramiko.transport:client compress: none
DEBUG:paramiko.transport:server compress: none
DEBUG:paramiko.transport:client lang: <none>
DEBUG:paramiko.transport:server lang: <none>
DEBUG:paramiko.transport:kex follows: False
DEBUG:paramiko.transport:=== Key exchange agreements ===
DEBUG:paramiko.transport:Kex: diffie-hellman-group-exchange-sha1
DEBUG:paramiko.transport:HostKey: ssh-rsa
DEBUG:paramiko.transport:Cipher: aes128-ctr
DEBUG:paramiko.transport:MAC: hmac-sha1
DEBUG:paramiko.transport:Compression: none
DEBUG:paramiko.transport:=== End of kex handshake ===
DEBUG:paramiko.transport:Got server p (2048 bits)
DEBUG:paramiko.transport:kex engine KexGex specified hash_algo <built-in function openssl_sha1>
DEBUG:paramiko.transport:Switch to new keys ...
DEBUG:paramiko.transport:Adding ssh-rsa host key for 172.16.27.40: b'20377e1398e54a48df55960b3290fb90'
DEBUG:paramiko.transport:userauth is OK
INFO:paramiko.transport:Auth banner: b"\r\n**************************************************************************\r\n* IOSv is strictly limited to use for evaluation, demonstration and IOS  *\r\n* education. IOSv is provided as-is and is not supported by Cisco's      *\r\n* Technical Advisory Center. Any use or disclosure, in whole or in part, *\r\n* of the IOSv Software or Documentation to any third party for any       *\r\n* purposes is expressly prohibited except as otherwise authorized by     *\r\n* Cisco in writing.                                                      *\r\n**************************************************************************"
INFO:paramiko.transport:Authentication (password) successful!
DEBUG:paramiko.transport:[chan 0] Max packet in: 32768 bytes
DEBUG:paramiko.transport:[chan 0] Max packet out: 4096 bytes
DEBUG:paramiko.transport:Secsh channel 0 opened.
DEBUG:paramiko.transport:[chan 0] Sesch channel 0 request ok
DEBUG:paramiko.transport:[chan 0] Sesch channel 0 request ok
DEBUG:paramiko.transport:EOF in transport thread
DEBUG:paramiko.transport:starting thread (client mode): 0xd7ff98b0
DEBUG:paramiko.transport:Local version/idstring: SSH-2.0-paramiko_2.11.0
DEBUG:paramiko.transport:Remote version/idstring: SSH-1.99-Cisco-1.25
INFO:paramiko.transport:Connected (version 1.99, client Cisco-1.25)
DEBUG:paramiko.transport:=== Key exchange possibilities ===
DEBUG:paramiko.transport:kex algos: diffie-hellman-group-exchange-sha1, diffie-hellman-group14-sha1, diffie-hellman-group1-sha1
DEBUG:paramiko.transport:server key: ssh-rsa
DEBUG:paramiko.transport:client encrypt: aes128-ctr, aes192-ctr, aes256-ctr, aes128-cbc, 3des-cbc, aes192-cbc, aes256-cbc
DEBUG:paramiko.transport:server encrypt: aes128-ctr, aes192-ctr, aes256-ctr, aes128-cbc, 3des-cbc, aes192-cbc, aes256-cbc
DEBUG:paramiko.transport:client mac: hmac-sha1, hmac-sha1-96
DEBUG:paramiko.transport:server mac: hmac-sha1, hmac-sha1-96
DEBUG:paramiko.transport:client compress: none
DEBUG:paramiko.transport:server compress: none
DEBUG:paramiko.transport:client lang: <none>
DEBUG:paramiko.transport:server lang: <none>
DEBUG:paramiko.transport:kex follows: False
DEBUG:paramiko.transport:=== Key exchange agreements ===
DEBUG:paramiko.transport:Kex: diffie-hellman-group-exchange-sha1
DEBUG:paramiko.transport:HostKey: ssh-rsa
DEBUG:paramiko.transport:Cipher: aes128-ctr
DEBUG:paramiko.transport:MAC: hmac-sha1
DEBUG:paramiko.transport:Compression: none
DEBUG:paramiko.transport:=== End of kex handshake ===
DEBUG:paramiko.transport:Got server p (2048 bits)
DEBUG:paramiko.transport:kex engine KexGex specified hash_algo <built-in function openssl_sha1>
DEBUG:paramiko.transport:Switch to new keys ...
DEBUG:paramiko.transport:Adding ssh-rsa host key for 172.16.27.40: b'20377e1398e54a48df55960b3290fb90'
DEBUG:paramiko.transport:userauth is OK
INFO:paramiko.transport:Auth banner: b"\r\n**************************************************************************\r\n* IOSv is strictly limited to use for evaluation, demonstration and IOS  *\r\n* education. IOSv is provided as-is and is not supported by Cisco's      *\r\n* Technical Advisory Center. Any use or disclosure, in whole or in part, *\r\n* of the IOSv Software or Documentation to any third party for any       *\r\n* purposes is expressly prohibited except as otherwise authorized by     *\r\n* Cisco in writing.                                                      *\r\n**************************************************************************"
INFO:paramiko.transport:Authentication (password) successful!
DEBUG:paramiko.transport:[chan 0] Max packet in: 32768 bytes
DEBUG:paramiko.transport:[chan 0] Max packet out: 4096 bytes
DEBUG:paramiko.transport:Secsh channel 0 opened.
DEBUG:paramiko.transport:[chan 0] Sesch channel 0 request ok
DEBUG:paramiko.transport:[chan 0] Sesch channel 0 request ok
DEBUG:paramiko.transport:EOF in transport thread
